[2025-09-13 14:28:49] local.ERROR: This cache store does not support tagging. {"userId":1,"exception":"[object] (BadMethodCallException(code: 0): This cache store does not support tagging. at /home/ama16rwn3tbq/public_html/crm.gamengear.com/vendor/laravel/framework/src/Illuminate/Cache/Repository.php:507)
[stacktrace]
#0 /home/ama16rwn3tbq/public_html/crm.gamengear.com/vendor/laravel/framework/src/Illuminate/Cache/CacheManager.php(429): Illuminate\\Cache\\Repository->tags()
#1 /home/ama16rwn3tbq/public_html/crm.gamengear.com/vendor/torann/geoip/src/Cache.php(32): Illuminate\\Cache\\CacheManager->__call()
#2 /home/ama16rwn3tbq/public_html/crm.gamengear.com/vendor/torann/geoip/src/GeoIP.php(88): Torann\\GeoIP\\Cache->__construct()
#3 /home/ama16rwn3tbq/public_html/crm.gamengear.com/vendor/torann/geoip/src/GeoIPServiceProvider.php(37): Torann\\GeoIP\\GeoIP->__construct()
#4 /home/ama16rwn3tbq/public_html/crm.gamengear.com/vendor/laravel/framework/src/Illuminate/Container/Container.php(908): Torann\\GeoIP\\GeoIPServiceProvider->Torann\\GeoIP\\{closure}()
#5 /home/ama16rwn3tbq/public_html/crm.gamengear.com/vendor/laravel/framework/src/Illuminate/Container/Container.php(795): Illuminate\\Container\\Container->build()
#6 /home/ama16rwn3tbq/public_html/crm.gamengear.com/vendor/laravel/framework/src/Illuminate/Foundation/Application.php(957): Illuminate\\Container\\Container->resolve()
#7 /home/ama16rwn3tbq/public_html/crm.gamengear.com/vendor/laravel/framework/src/Illuminate/Container/Container.php(731): Illuminate\\Foundation\\Application->resolve()
#8 /home/ama16rwn3tbq/public_html/crm.gamengear.com/vendor/laravel/framework/src/Illuminate/Foundation/Application.php(942): Illuminate\\Container\\Container->make()
#9 /home/ama16rwn3tbq/public_html/crm.gamengear.com/vendor/laravel/framework/src/Illuminate/Foundation/helpers.php(120): Illuminate\\Foundation\\Application->make()
#10 /home/ama16rwn3tbq/public_html/crm.gamengear.com/vendor/torann/geoip/src/helpers.php(14): app()
#11 /home/ama16rwn3tbq/public_html/crm.gamengear.com/vendor/rappasoft/laravel-authentication-log/src/Listeners/LoginListener.php(38): geoip()
#12 /home/ama16rwn3tbq/public_html/crm.gamengear.com/vendor/laravel/framework/src/Illuminate/Events/Dispatcher.php(478): Rappasoft\\LaravelAuthenticationLog\\Listeners\\LoginListener->handle()
#13 /home/ama16rwn3tbq/public_html/crm.gamengear.com/vendor/laravel/framework/src/Illuminate/Events/Dispatcher.php(286): Illuminate\\Events\\Dispatcher->Illuminate\\Events\\{closure}()
#14 /home/ama16rwn3tbq/public_html/crm.gamengear.com/vendor/laravel/framework/src/Illuminate/Events/Dispatcher.php(266): Illuminate\\Events\\Dispatcher->invokeListeners()
#15 /home/ama16rwn3tbq/public_html/crm.gamengear.com/vendor/laravel/framework/src/Illuminate/Auth/SessionGuard.php(745): Illuminate\\Events\\Dispatcher->dispatch()
#16 /home/ama16rwn3tbq/public_html/crm.gamengear.com/vendor/laravel/framework/src/Illuminate/Auth/SessionGuard.php(509): Illuminate\\Auth\\SessionGuard->fireLoginEvent()
#17 /home/ama16rwn3tbq/public_html/crm.gamengear.com/vendor/laravel/framework/src/Illuminate/Auth/SessionGuard.php(387): Illuminate\\Auth\\SessionGuard->login()
#18 /home/ama16rwn3tbq/public_html/crm.gamengear.com/vendor/laravel/framework/src/Illuminate/Auth/AuthManager.php(340): Illuminate\\Auth\\SessionGuard->attempt()
#19 /home/ama16rwn3tbq/public_html/crm.gamengear.com/vendor/laravel/framework/src/Illuminate/Support/Facades/Facade.php(355): Illuminate\\Auth\\AuthManager->__call()
#20 /home/ama16rwn3tbq/public_html/crm.gamengear.com/app/Http/Controllers/Auth/CustomAuthController.php(27): Illuminate\\Support\\Facades\\Facade::__callStatic()
#21 /home/ama16rwn3tbq/public_html/crm.gamengear.com/vendor/laravel/framework/src/Illuminate/Routing/Controller.php(54): App\\Http\\Controllers\\Auth\\CustomAuthController->authenticate()
#22 /home/ama16rwn3tbq/public_html/crm.gamengear.com/vendor/laravel/framework/src/Illuminate/Routing/ControllerDispatcher.php(43): Illuminate\\Routing\\Controller->callAction()
#23 /home/ama16rwn3tbq/public_html/crm.gamengear.com/vendor/laravel/framework/src/Illuminate/Routing/Route.php(259): Illuminate\\Routing\\ControllerDispatcher->dispatch()
#24 /home/ama16rwn3tbq/public_html/crm.gamengear.com/vendor/laravel/framework/src/Illuminate/Routing/Route.php(205): Illuminate\\Routing\\Route->runController()
#25 /home/ama16rwn3tbq/public_html/crm.gamengear.com/vendor/laravel/framework/src/Illuminate/Routing/Router.php(806): Illuminate\\Routing\\Route->run()
#26 /home/ama16rwn3tbq/public_html/crm.gamengear.com/vendor/laravel/framework/src/Illuminate/Pipeline/Pipeline.php(144): Illuminate\\Routing\\Router->Illuminate\\Routing\\{closure}()
#27 /home/ama16rwn3tbq/public_html/crm.gamengear.com/vendor/laravel/framework/src/Illuminate/Routing/Middleware/SubstituteBindings.php(50): Illuminate\\Pipeline\\Pipeline->Illuminate\\Pipeline\\{closure}()
#28 /home/ama16rwn3tbq/public_html/crm.gamengear.com/vendor/laravel/framework/src/Illuminate/Pipeline/Pipeline.php(183): Illuminate\\Routing\\Middleware\\SubstituteBindings->handle()
#29 /home/ama16rwn3tbq/public_html/crm.gamengear.com/vendor/laravel/framework/src/Illuminate/Foundation/Http/Middleware/VerifyCsrfToken.php(78): Illuminate\\Pipeline\\Pipeline->Illuminate\\Pipeline\\{closure}()
#30 /home/ama16rwn3tbq/public_html/crm.gamengear.com/vendor/laravel/framework/src/Illuminate/Pipeline/Pipeline.php(183): Illuminate\\Foundation\\Http\\Middleware\\VerifyCsrfToken->handle()
#31 /home/ama16rwn3tbq/public_html/crm.gamengear.com/vendor/laravel/framework/src/Illuminate/View/Middleware/ShareErrorsFromSession.php(49): Illuminate\\Pipeline\\Pipeline->Illuminate\\Pipeline\\{closure}()
#32 /home/ama16rwn3tbq/public_html/crm.gamengear.com/vendor/laravel/framework/src/Illuminate/Pipeline/Pipeline.php(183): Illuminate\\View\\Middleware\\ShareErrorsFromSession->handle()
#33 /home/ama16rwn3tbq/public_html/crm.gamengear.com/vendor/laravel/framework/src/Illuminate/Session/Middleware/StartSession.php(121): Illuminate\\Pipeline\\Pipeline->Illuminate\\Pipeline\\{closure}()
#34 /home/ama16rwn3tbq/public_html/crm.gamengear.com/vendor/laravel/framework/src/Illuminate/Session/Middleware/StartSession.php(64): Illuminate\\Session\\Middleware\\StartSession->handleStatefulRequest()
#35 /home/ama16rwn3tbq/public_html/crm.gamengear.com/vendor/laravel/framework/src/Illuminate/Pipeline/Pipeline.php(183): Illuminate\\Session\\Middleware\\StartSession->handle()
#36 /home/ama16rwn3tbq/public_html/crm.gamengear.com/vendor/laravel/framework/src/Illuminate/Cookie/Middleware/AddQueuedCookiesToResponse.php(37): Illuminate\\Pipeline\\Pipeline->Illuminate\\Pipeline\\{closure}()
#37 /home/ama16rwn3tbq/public_html/crm.gamengear.com/vendor/laravel/framework/src/Illuminate/Pipeline/Pipeline.php(183): Illuminate\\Cookie\\Middleware\\AddQueuedCookiesToResponse->handle()
#38 /home/ama16rwn3tbq/public_html/crm.gamengear.com/vendor/laravel/framework/src/Illuminate/Cookie/Middleware/EncryptCookies.php(67): Illuminate\\Pipeline\\Pipeline->Illuminate\\Pipeline\\{closure}()
#39 /home/ama16rwn3tbq/public_html/crm.gamengear.com/vendor/laravel/framework/src/Illuminate/Pipeline/Pipeline.php(183): Illuminate\\Cookie\\Middleware\\EncryptCookies->handle()
#40 /home/ama16rwn3tbq/public_html/crm.gamengear.com/vendor/laravel/framework/src/Illuminate/Pipeline/Pipeline.php(119): Illuminate\\Pipeline\\Pipeline->Illuminate\\Pipeline\\{closure}()
#41 /home/ama16rwn3tbq/public_html/crm.gamengear.com/vendor/laravel/framework/src/Illuminate/Routing/Router.php(805): Illuminate\\Pipeline\\Pipeline->then()
#42 /home/ama16rwn3tbq/public_html/crm.gamengear.com/vendor/laravel/framework/src/Illuminate/Routing/Router.php(784): Illuminate\\Routing\\Router->runRouteWithinStack()
#43 /home/ama16rwn3tbq/public_html/crm.gamengear.com/vendor/laravel/framework/src/Illuminate/Routing/Router.php(748): Illuminate\\Routing\\Router->runRoute()
#44 /home/ama16rwn3tbq/public_html/crm.gamengear.com/vendor/laravel/framework/src/Illuminate/Routing/Router.php(737): Illuminate\\Routing\\Router->dispatchToRoute()
#45 /home/ama16rwn3tbq/public_html/crm.gamengear.com/vendor/laravel/framework/src/Illuminate/Foundation/Http/Kernel.php(200): Illuminate\\Routing\\Router->dispatch()
#46 /home/ama16rwn3tbq/public_html/crm.gamengear.com/vendor/laravel/framework/src/Illuminate/Pipeline/Pipeline.php(144): Illuminate\\Foundation\\Http\\Kernel->Illuminate\\Foundation\\Http\\{closure}()
#47 /home/ama16rwn3tbq/public_html/crm.gamengear.com/vendor/laravel/framework/src/Illuminate/Foundation/Http/Middleware/TransformsRequest.php(21): Illuminate\\Pipeline\\Pipeline->Illuminate\\Pipeline\\{closure}()
#48 /home/ama16rwn3tbq/public_html/crm.gamengear.com/vendor/laravel/framework/src/Illuminate/Foundation/Http/Middleware/ConvertEmptyStringsToNull.php(31): Illuminate\\Foundation\\Http\\Middleware\\TransformsRequest->handle()
#49 /home/ama16rwn3tbq/public_html/crm.gamengear.com/vendor/laravel/framework/src/Illuminate/Pipeline/Pipeline.php(183): Illuminate\\Foundation\\Http\\Middleware\\ConvertEmptyStringsToNull->handle()
#50 /home/ama16rwn3tbq/public_html/crm.gamengear.com/vendor/laravel/framework/src/Illuminate/Foundation/Http/Middleware/TransformsRequest.php(21): Illuminate\\Pipeline\\Pipeline->Illuminate\\Pipeline\\{closure}()
#51 /home/ama16rwn3tbq/public_html/crm.gamengear.com/vendor/laravel/framework/src/Illuminate/Foundation/Http/Middleware/TrimStrings.php(40): Illuminate\\Foundation\\Http\\Middleware\\TransformsRequest->handle()
#52 /home/ama16rwn3tbq/public_html/crm.gamengear.com/vendor/laravel/framework/src/Illuminate/Pipeline/Pipeline.php(183): Illuminate\\Foundation\\Http\\Middleware\\TrimStrings->handle()
#53 /home/ama16rwn3tbq/public_html/crm.gamengear.com/vendor/laravel/framework/src/Illuminate/Foundation/Http/Middleware/ValidatePostSize.php(27): Illuminate\\Pipeline\\Pipeline->Illuminate\\Pipeline\\{closure}()
#54 /home/ama16rwn3tbq/public_html/crm.gamengear.com/vendor/laravel/framework/src/Illuminate/Pipeline/Pipeline.php(183): Illuminate\\Foundation\\Http\\Middleware\\ValidatePostSize->handle()
#55 /home/ama16rwn3tbq/public_html/crm.gamengear.com/vendor/laravel/framework/src/Illuminate/Foundation/Http/Middleware/PreventRequestsDuringMaintenance.php(99): Illuminate\\Pipeline\\Pipeline->Illuminate\\Pipeline\\{closure}()
#56 /home/ama16rwn3tbq/public_html/crm.gamengear.com/vendor/laravel/framework/src/Illuminate/Pipeline/Pipeline.php(183): Illuminate\\Foundation\\Http\\Middleware\\PreventRequestsDuringMaintenance->handle()
#57 /home/ama16rwn3tbq/public_html/crm.gamengear.com/vendor/laravel/framework/src/Illuminate/Http/Middleware/HandleCors.php(49): Illuminate\\Pipeline\\Pipeline->Illuminate\\Pipeline\\{closure}()
#58 /home/ama16rwn3tbq/public_html/crm.gamengear.com/vendor/laravel/framework/src/Illuminate/Pipeline/Pipeline.php(183): Illuminate\\Http\\Middleware\\HandleCors->handle()
#59 /home/ama16rwn3tbq/public_html/crm.gamengear.com/vendor/laravel/framework/src/Illuminate/Http/Middleware/TrustProxies.php(39): Illuminate\\Pipeline\\Pipeline->Illuminate\\Pipeline\\{closure}()
#60 /home/ama16rwn3tbq/public_html/crm.gamengear.com/vendor/laravel/framework/src/Illuminate/Pipeline/Pipeline.php(183): Illuminate\\Http\\Middleware\\TrustProxies->handle()
#61 /home/ama16rwn3tbq/public_html/crm.gamengear.com/vendor/laravel/framework/src/Illuminate/Pipeline/Pipeline.php(119): Illuminate\\Pipeline\\Pipeline->Illuminate\\Pipeline\\{closure}()
#62 /home/ama16rwn3tbq/public_html/crm.gamengear.com/vendor/laravel/framework/src/Illuminate/Foundation/Http/Kernel.php(175): Illuminate\\Pipeline\\Pipeline->then()
#63 /home/ama16rwn3tbq/public_html/crm.gamengear.com/vendor/laravel/framework/src/Illuminate/Foundation/Http/Kernel.php(144): Illuminate\\Foundation\\Http\\Kernel->sendRequestThroughRouter()
#64 /home/ama16rwn3tbq/public_html/crm.gamengear.com/public/index.php(51): Illuminate\\Foundation\\Http\\Kernel->handle()
#65 {main}
"} 
